0 info it worked if it ends with ok
1 verbose cli [ 'C:\\Program Files\\nodejs\\node.exe',
1 verbose cli   'C:\\Program Files\\nodejs\\node_modules\\npm\\bin\\npm-cli.js',
1 verbose cli   'install',
1 verbose cli   'caman',
1 verbose cli   '/m' ]
2 info using npm@3.10.10
3 info using node@v7.3.0
4 silly loadCurrentTree Starting
5 silly install loadCurrentTree
6 silly install readLocalPackageData
7 silly fetchPackageMetaData caman
8 silly fetchPackageMetaData /m
9 silly fetchNamedPackageData caman
10 silly mapToRegistry name caman
11 silly mapToRegistry using default registry
12 silly mapToRegistry registry https://registry.npmjs.org/
13 silly mapToRegistry data Result {
13 silly mapToRegistry   raw: 'caman',
13 silly mapToRegistry   scope: null,
13 silly mapToRegistry   escapedName: 'caman',
13 silly mapToRegistry   name: 'caman',
13 silly mapToRegistry   rawSpec: '',
13 silly mapToRegistry   spec: 'latest',
13 silly mapToRegistry   type: 'tag' }
14 silly mapToRegistry uri https://registry.npmjs.org/caman
15 silly fetchOtherPackageData /m
16 silly cache add args [ '/m', null ]
17 verbose cache add spec /m
18 silly cache add parsed spec Result {
18 silly cache add   raw: '/m',
18 silly cache add   scope: null,
18 silly cache add   escapedName: null,
18 silly cache add   name: null,
18 silly cache add   rawSpec: '/m',
18 silly cache add   spec: 'C:\\m',
18 silly cache add   type: 'local' }
19 error addLocal Could not install C:\m
20 silly fetchPackageMetaData Error: ENOENT: no such file or directory, open 'C:\m'
20 silly fetchPackageMetaData  error for /m { Error: ENOENT: no such file or directory, open 'C:\m' errno: -4058, code: 'ENOENT', syscall: 'open', path: 'C:\\m' }
21 verbose request uri https://registry.npmjs.org/caman
22 verbose request no auth needed
23 info attempt registry request try #1 at 20:28:54
24 verbose request id 79045eac8a457df9
25 verbose etag W/"51f40a16-1128f"
26 verbose lastModified Sat, 27 Jul 2013 17:57:42 GMT
27 http request GET https://registry.npmjs.org/caman
28 http 304 https://registry.npmjs.org/caman
29 verbose headers { date: 'Fri, 30 Dec 2016 22:28:53 GMT',
29 verbose headers   via: '1.1 varnish',
29 verbose headers   'cache-control': 'max-age=300',
29 verbose headers   etag: 'W/"51f40a16-1128f"',
29 verbose headers   age: '117',
29 verbose headers   connection: 'keep-alive',
29 verbose headers   'x-served-by': 'cache-gru7126-GRU',
29 verbose headers   'x-cache': 'HIT',
29 verbose headers   'x-cache-hits': '1',
29 verbose headers   'x-timer': 'S1483136933.314687,VS0,VE0',
29 verbose headers   vary: 'Accept-Encoding' }
30 silly get cb [ 304,
30 silly get   { date: 'Fri, 30 Dec 2016 22:28:53 GMT',
30 silly get     via: '1.1 varnish',
30 silly get     'cache-control': 'max-age=300',
30 silly get     etag: 'W/"51f40a16-1128f"',
30 silly get     age: '117',
30 silly get     connection: 'keep-alive',
30 silly get     'x-served-by': 'cache-gru7126-GRU',
30 silly get     'x-cache': 'HIT',
30 silly get     'x-cache-hits': '1',
30 silly get     'x-timer': 'S1483136933.314687,VS0,VE0',
30 silly get     vary: 'Accept-Encoding' } ]
31 verbose etag https://registry.npmjs.org/caman from cache
32 verbose get saving caman to C:\Users\Rodrigo\AppData\Roaming\npm-cache\registry.npmjs.org\caman\.cache.json
33 verbose correctMkdir C:\Users\Rodrigo\AppData\Roaming\npm-cache correctMkdir not in flight; initializing
34 silly rollbackFailedOptional Starting
35 silly rollbackFailedOptional Finishing
36 silly runTopLevelLifecycles Finishing
37 silly install printInstalled
38 verbose stack Error: ENOENT: no such file or directory, open 'C:\m'
39 verbose cwd C:\Users\Rodrigo\Desktop\App\App testes\2
40 error Windows_NT 10.0.14393
41 error argv "C:\\Program Files\\nodejs\\node.exe" "C:\\Program Files\\nodejs\\node_modules\\npm\\bin\\npm-cli.js" "install" "caman" "/m"
42 error node v7.3.0
43 error npm  v3.10.10
44 error path C:\m
45 error code ENOENT
46 error errno -4058
47 error syscall open
48 error enoent ENOENT: no such file or directory, open 'C:\m'
49 error enoent ENOENT: no such file or directory, open 'C:\m'
49 error enoent This is most likely not a problem with npm itself
49 error enoent and is related to npm not being able to find a file.
50 verbose exit [ -4058, true ]
